<?xml version="1.0" encoding="UTF-8"?>
<testsuite xmlns:xsi="http://www.w3.org/2001/XMLSchema-instance" xsi:noNamespaceSchemaLocation="https://maven.apache.org/surefire/maven-surefire-plugin/xsd/surefire-test-report-3.0.xsd" version="3.0" name="com.mycompany.app.AppTest" time="0.09" tests="4" errors="0" skipped="0" failures="0">
  <properties>
[...]
</properties>
  <testcase name="testAddTask" classname="com.mycompany.app.AppTest" time="0.045">
    <system-out><![CDATA[Task 'Test Task' added with priority 3.
]]></system-out>
  </testcase>
  <testcase name="testViewTasksEmpty" classname="com.mycompany.app.AppTest" time="0.003">
    <system-out><![CDATA[No tasks available.
]]></system-out>
  </testcase>
  <testcase name="testRemoveTask" classname="com.mycompany.app.AppTest" time="0.005">
    <system-out><![CDATA[Task 'Test Task' added with priority 3.
Task 'Test Task' removed.
]]></system-out>
  </testcase>
  <testcase name="testCompleteTask" classname="com.mycompany.app.AppTest" time="0.004">
    <system-out><![CDATA[Task 'Test Task' added with priority 3.
Task 'Test Task' marked as completed.
]]></system-out>
  </testcase>
</testsuite>